<?xml version="1.0" encoding="UTF-8"?>
<!-- Generated by org.testng.reporters.JUnitXMLReporter -->
<testsuite ignored="0" hostname="IN04779" failures="1" tests="10" name="Free CRM App Test Cases" time="111.728" errors="0" timestamp="21 Jan 2023 04:56:47 GMT">
  <testcase classname="com.crm.qa.testcases.HomePageTest" name="@BeforeMethod setUp" time="32.573">
    <failure type="org.openqa.selenium.NoSuchElementException" message="no such element: Unable to locate element: {&amp;quot;method&amp;quot;:&amp;quot;css selector&amp;quot;,&amp;quot;selector&amp;quot;:&amp;quot;*[name=&amp;apos;username&amp;apos;]&amp;quot;}
  (Session info: chrome=109.0.5414.75)
For documentation on this error, please visit: http://seleniumhq.org/exceptions/no_such_element.html
Build info: version: &amp;apos;3.14.0&amp;apos;, revision: &amp;apos;aacccce0&amp;apos;, time: &amp;apos;2018-08-02T20:19:58.91Z&amp;apos;
System info: host: &amp;apos;IN04779&amp;apos;, ip: &amp;apos;192.168.1.5&amp;apos;, os.name: &amp;apos;Windows 10&amp;apos;, os.arch: &amp;apos;amd64&amp;apos;, os.version: &amp;apos;10.0&amp;apos;, java.version: &amp;apos;16.0.2&amp;apos;
Driver info: org.openqa.selenium.chrome.ChromeDriver
Capabilities {acceptInsecureCerts: false, browserName: chrome, browserVersion: 109.0.5414.75, chrome: {chromedriverVersion: 109.0.5414.74 (e7c5703604da..., userDataDir: C:\Users\nkumar\AppData\Loc...}, goog:chromeOptions: {debuggerAddress: localhost:51048}, javascriptEnabled: true, networkConnectionEnabled: false, pageLoadStrategy: normal, platform: WINDOWS, platformName: WINDOWS, proxy: Proxy(), setWindowRect: true, strictFileInteractability: false, timeouts: {implicit: 0, pageLoad: 300000, script: 30000}, unhandledPromptBehavior: dismiss and notify, webauthn:extension:credBlob: true, webauthn:extension:largeBlob: true, webauthn:virtualAuthenticators: true}
Session ID: 35497b2c6b44823131098f22e8f92621
*** Element info: {Using=name, value=username}">
      <![CDATA[org.openqa.selenium.NoSuchElementException: no such element: Unable to locate element: {"method":"css selector","selector":"*[name='username']"}
  (Session info: chrome=109.0.5414.75)
For documentation on this error, please visit: http://seleniumhq.org/exceptions/no_such_element.html
Build info: version: '3.14.0', revision: 'aacccce0', time: '2018-08-02T20:19:58.91Z'
System info: host: 'IN04779', ip: '192.168.1.5', os.name: 'Windows 10', os.arch: 'amd64', os.version: '10.0', java.version: '16.0.2'
Driver info: org.openqa.selenium.chrome.ChromeDriver
Capabilities {acceptInsecureCerts: false, browserName: chrome, browserVersion: 109.0.5414.75, chrome: {chromedriverVersion: 109.0.5414.74 (e7c5703604da..., userDataDir: C:\Users\nkumar\AppData\Loc...}, goog:chromeOptions: {debuggerAddress: localhost:51048}, javascriptEnabled: true, networkConnectionEnabled: false, pageLoadStrategy: normal, platform: WINDOWS, platformName: WINDOWS, proxy: Proxy(), setWindowRect: true, strictFileInteractability: false, timeouts: {implicit: 0, pageLoad: 300000, script: 30000}, unhandledPromptBehavior: dismiss and notify, webauthn:extension:credBlob: true, webauthn:extension:largeBlob: true, webauthn:virtualAuthenticators: true}
Session ID: 35497b2c6b44823131098f22e8f92621
*** Element info: {Using=name, value=username}
	at org.openqa.selenium.remote.http.W3CHttpResponseCodec.createException(W3CHttpResponseCodec.java:187)
	at org.openqa.selenium.remote.http.W3CHttpResponseCodec.decode(W3CHttpResponseCodec.java:122)
	at org.openqa.selenium.remote.http.W3CHttpResponseCodec.decode(W3CHttpResponseCodec.java:49)
	at org.openqa.selenium.remote.HttpCommandExecutor.execute(HttpCommandExecutor.java:158)
	at org.openqa.selenium.remote.service.DriverCommandExecutor.execute(DriverCommandExecutor.java:83)
	at org.openqa.selenium.remote.RemoteWebDriver.execute(RemoteWebDriver.java:548)
	at org.openqa.selenium.remote.RemoteWebDriver.findElement(RemoteWebDriver.java:322)
	at org.openqa.selenium.remote.RemoteWebDriver.findElementByName(RemoteWebDriver.java:400)
	at org.openqa.selenium.By$ByName.findElement(By.java:284)
	at org.openqa.selenium.remote.RemoteWebDriver.findElement(RemoteWebDriver.java:314)
	at org.openqa.selenium.support.events.EventFiringWebDriver.lambda$new$1(EventFiringWebDriver.java:105)
	at jdk.proxy2/jdk.proxy2.$Proxy11.findElement(Unknown Source)
	at org.openqa.selenium.support.events.EventFiringWebDriver.findElement(EventFiringWebDriver.java:194)
	at org.openqa.selenium.support.pagefactory.DefaultElementLocator.findElement(DefaultElementLocator.java:69)
	at org.openqa.selenium.support.pagefactory.internal.LocatingElementHandler.invoke(LocatingElementHandler.java:38)
	at jdk.proxy2/jdk.proxy2.$Proxy15.sendKeys(Unknown Source)
	at com.crm.qa.pages.LoginPage.login(LoginPage.java:43)
	at com.crm.qa.testcases.HomePageTest.setUp(HomePageTest.java:35)
... Removed 36 stack frames]]>
    </failure>
  </testcase> <!-- @BeforeMethod setUp -->
  <testcase classname="com.crm.qa.testcases.ContactsPageTest" name="@BeforeMethod setUp" time="32.016">
    <failure type="org.openqa.selenium.NoSuchElementException" message="no such element: Unable to locate element: {&amp;quot;method&amp;quot;:&amp;quot;css selector&amp;quot;,&amp;quot;selector&amp;quot;:&amp;quot;*[name=&amp;apos;username&amp;apos;]&amp;quot;}
  (Session info: chrome=109.0.5414.75)
For documentation on this error, please visit: http://seleniumhq.org/exceptions/no_such_element.html
Build info: version: &amp;apos;3.14.0&amp;apos;, revision: &amp;apos;aacccce0&amp;apos;, time: &amp;apos;2018-08-02T20:19:58.91Z&amp;apos;
System info: host: &amp;apos;IN04779&amp;apos;, ip: &amp;apos;192.168.1.5&amp;apos;, os.name: &amp;apos;Windows 10&amp;apos;, os.arch: &amp;apos;amd64&amp;apos;, os.version: &amp;apos;10.0&amp;apos;, java.version: &amp;apos;16.0.2&amp;apos;
Driver info: org.openqa.selenium.chrome.ChromeDriver
Capabilities {acceptInsecureCerts: false, browserName: chrome, browserVersion: 109.0.5414.75, chrome: {chromedriverVersion: 109.0.5414.74 (e7c5703604da..., userDataDir: C:\Users\nkumar\AppData\Loc...}, goog:chromeOptions: {debuggerAddress: localhost:51097}, javascriptEnabled: true, networkConnectionEnabled: false, pageLoadStrategy: normal, platform: WINDOWS, platformName: WINDOWS, proxy: Proxy(), setWindowRect: true, strictFileInteractability: false, timeouts: {implicit: 0, pageLoad: 300000, script: 30000}, unhandledPromptBehavior: dismiss and notify, webauthn:extension:credBlob: true, webauthn:extension:largeBlob: true, webauthn:virtualAuthenticators: true}
Session ID: 3542bf4699f2682f64cf0eecf9be3c7c
*** Element info: {Using=name, value=username}">
      <![CDATA[org.openqa.selenium.NoSuchElementException: no such element: Unable to locate element: {"method":"css selector","selector":"*[name='username']"}
  (Session info: chrome=109.0.5414.75)
For documentation on this error, please visit: http://seleniumhq.org/exceptions/no_such_element.html
Build info: version: '3.14.0', revision: 'aacccce0', time: '2018-08-02T20:19:58.91Z'
System info: host: 'IN04779', ip: '192.168.1.5', os.name: 'Windows 10', os.arch: 'amd64', os.version: '10.0', java.version: '16.0.2'
Driver info: org.openqa.selenium.chrome.ChromeDriver
Capabilities {acceptInsecureCerts: false, browserName: chrome, browserVersion: 109.0.5414.75, chrome: {chromedriverVersion: 109.0.5414.74 (e7c5703604da..., userDataDir: C:\Users\nkumar\AppData\Loc...}, goog:chromeOptions: {debuggerAddress: localhost:51097}, javascriptEnabled: true, networkConnectionEnabled: false, pageLoadStrategy: normal, platform: WINDOWS, platformName: WINDOWS, proxy: Proxy(), setWindowRect: true, strictFileInteractability: false, timeouts: {implicit: 0, pageLoad: 300000, script: 30000}, unhandledPromptBehavior: dismiss and notify, webauthn:extension:credBlob: true, webauthn:extension:largeBlob: true, webauthn:virtualAuthenticators: true}
Session ID: 3542bf4699f2682f64cf0eecf9be3c7c
*** Element info: {Using=name, value=username}
	at org.openqa.selenium.remote.http.W3CHttpResponseCodec.createException(W3CHttpResponseCodec.java:187)
	at org.openqa.selenium.remote.http.W3CHttpResponseCodec.decode(W3CHttpResponseCodec.java:122)
	at org.openqa.selenium.remote.http.W3CHttpResponseCodec.decode(W3CHttpResponseCodec.java:49)
	at org.openqa.selenium.remote.HttpCommandExecutor.execute(HttpCommandExecutor.java:158)
	at org.openqa.selenium.remote.service.DriverCommandExecutor.execute(DriverCommandExecutor.java:83)
	at org.openqa.selenium.remote.RemoteWebDriver.execute(RemoteWebDriver.java:548)
	at org.openqa.selenium.remote.RemoteWebDriver.findElement(RemoteWebDriver.java:322)
	at org.openqa.selenium.remote.RemoteWebDriver.findElementByName(RemoteWebDriver.java:400)
	at org.openqa.selenium.By$ByName.findElement(By.java:284)
	at org.openqa.selenium.remote.RemoteWebDriver.findElement(RemoteWebDriver.java:314)
	at org.openqa.selenium.support.events.EventFiringWebDriver.lambda$new$1(EventFiringWebDriver.java:105)
	at jdk.proxy2/jdk.proxy2.$Proxy11.findElement(Unknown Source)
	at org.openqa.selenium.support.events.EventFiringWebDriver.findElement(EventFiringWebDriver.java:194)
	at org.openqa.selenium.support.pagefactory.DefaultElementLocator.findElement(DefaultElementLocator.java:69)
	at org.openqa.selenium.support.pagefactory.internal.LocatingElementHandler.invoke(LocatingElementHandler.java:38)
	at jdk.proxy2/jdk.proxy2.$Proxy15.sendKeys(Unknown Source)
	at com.crm.qa.pages.LoginPage.login(LoginPage.java:43)
	at com.crm.qa.testcases.ContactsPageTest.setUp(ContactsPageTest.java:51)
... Removed 36 stack frames]]>
    </failure>
  </testcase> <!-- @BeforeMethod setUp -->
  <testcase classname="com.crm.qa.testcases.LoginPageTest" name="@BeforeMethod setUp" time="29.355">
    <failure type="java.lang.StackOverflowError">
      <![CDATA[java.lang.StackOverflowError
	at java.base/java.nio.charset.CharsetEncoder.encode(CharsetEncoder.java:585)
	at java.base/sun.nio.cs.StreamEncoder.implWrite(StreamEncoder.java:301)
	at java.base/sun.nio.cs.StreamEncoder.implWrite(StreamEncoder.java:290)
	at java.base/sun.nio.cs.StreamEncoder.write(StreamEncoder.java:131)
	at java.base/java.io.OutputStreamWriter.write(OutputStreamWriter.java:205)
	at java.base/java.io.BufferedWriter.flushBuffer(BufferedWriter.java:120)
	at java.base/java.io.PrintStream.writeln(PrintStream.java:722)
	at java.base/java.io.PrintStream.println(PrintStream.java:1028)
	at com.crm.qa.util.WebEventListener.onException(WebEventListener.java:66)
	at org.openqa.selenium.support.events.EventFiringWebDriver.lambda$new$0(EventFiringWebDriver.java:84)
	at jdk.proxy2/jdk.proxy2.$Proxy10.onException(Unknown Source)
	at org.openqa.selenium.support.events.EventFiringWebDriver.lambda$new$1(EventFiringWebDriver.java:107)
	at jdk.proxy2/jdk.proxy2.$Proxy11.getScreenshotAs(Unknown Source)
	at org.openqa.selenium.support.events.EventFiringWebDriver.getScreenshotAs(EventFiringWebDriver.java:302)
	at com.crm.qa.util.TestUtil.takeScreenshotAtEndOfTest(TestUtil.java:63)
	at com.crm.qa.util.WebEventListener.onException(WebEventListener.java:68)
	at org.openqa.selenium.support.events.EventFiringWebDriver.lambda$new$0(EventFiringWebDriver.java:84)
	at jdk.proxy2/jdk.proxy2.$Proxy10.onException(Unknown Source)
	at org.openqa.selenium.support.events.EventFiringWebDriver.lambda$new$1(EventFiringWebDriver.java:107)
	at jdk.proxy2/jdk.proxy2.$Proxy11.getScreenshotAs(Unknown Source)
	at org.openqa.selenium.support.events.EventFiringWebDriver.getScreenshotAs(EventFiringWebDriver.java:302)
	at com.crm.qa.util.TestUtil.takeScreenshotAtEndOfTest(TestUtil.java:63)
	at com.crm.qa.util.WebEventListener.onException(WebEventListener.java:68)
	at org.openqa.selenium.support.events.EventFiringWebDriver.lambda$new$0(EventFiringWebDriver.java:84)
	at jdk.proxy2/jdk.proxy2.$Proxy10.onException(Unknown Source)
	at org.openqa.selenium.support.events.EventFiringWebDriver.lambda$new$1(EventFiringWebDriver.java:107)
	at jdk.proxy2/jdk.proxy2.$Proxy11.getScreenshotAs(Unknown Source)
	at org.openqa.selenium.support.events.EventFiringWebDriver.getScreenshotAs(EventFiringWebDriver.java:302)
	at com.crm.qa.util.TestUtil.takeScreenshotAtEndOfTest(TestUtil.java:63)
	at com.crm.qa.util.WebEventListener.onException(WebEventListener.java:68)
	at org.openqa.selenium.support.events.EventFiringWebDriver.lambda$new$0(EventFiringWebDriver.java:84)
	at jdk.proxy2/jdk.proxy2.$Proxy10.onException(Unknown Source)
	at org.openqa.selenium.support.events.EventFiringWebDriver.lambda$new$1(EventFiringWebDriver.java:107)
	at jdk.proxy2/jdk.proxy2.$Proxy11.getScreenshotAs(Unknown Source)
	at org.openqa.selenium.support.events.EventFiringWebDriver.getScreenshotAs(EventFiringWebDriver.java:302)
	at com.crm.qa.util.TestUtil.takeScreenshotAtEndOfTest(TestUtil.java:63)
	at com.crm.qa.util.WebEventListener.onException(WebEventListener.java:68)
	at org.openqa.selenium.support.events.EventFiringWebDriver.lambda$new$0(EventFiringWebDriver.java:84)
	at jdk.proxy2/jdk.proxy2.$Proxy10.onException(Unknown Source)
	at org.openqa.selenium.support.events.EventFiringWebDriver.lambda$new$1(EventFiringWebDriver.java:107)
	at jdk.proxy2/jdk.proxy2.$Proxy11.getScreenshotAs(Unknown Source)
	at org.openqa.selenium.support.events.EventFiringWebDriver.getScreenshotAs(EventFiringWebDriver.java:302)
	at com.crm.qa.util.TestUtil.takeScreenshotAtEndOfTest(TestUtil.java:63)
	at com.crm.qa.util.WebEventListener.onException(WebEventListener.java:68)
	at org.openqa.selenium.support.events.EventFiringWebDriver.lambda$new$0(EventFiringWebDriver.java:84)
	at jdk.proxy2/jdk.proxy2.$Proxy10.onException(Unknown Source)
	at org.openqa.selenium.support.events.EventFiringWebDriver.lambda$new$1(EventFiringWebDriver.java:107)
	at jdk.proxy2/jdk.proxy2.$Proxy11.getScreenshotAs(Unknown Source)
	at org.openqa.selenium.support.events.EventFiringWebDriver.getScreenshotAs(EventFiringWebDriver.java:302)
	at com.crm.qa.util.TestUtil.takeScreenshotAtEndOfTest(TestUtil.java:63)
	at com.crm.qa.util.WebEventListener.onException(WebEventListener.java:68)
	at org.openqa.selenium.support.events.EventFiringWebDriver.lambda$new$0(EventFiringWebDriver.java:84)
	at jdk.proxy2/jdk.proxy2.$Proxy10.onException(Unknown Source)
	at org.openqa.selenium.support.events.EventFiringWebDriver.lambda$new$1(EventFiringWebDriver.java:107)
	at jdk.proxy2/jdk.proxy2.$Proxy11.getScreenshotAs(Unknown Source)
	at org.openqa.selenium.support.events.EventFiringWebDriver.getScreenshotAs(EventFiringWebDriver.java:302)
	at com.crm.qa.util.TestUtil.takeScreenshotAtEndOfTest(TestUtil.java:63)
	at com.crm.qa.util.WebEventListener.onException(WebEventListener.java:68)
	at org.openqa.selenium.support.events.EventFiringWebDriver.lambda$new$0(EventFiringWebDriver.java:84)
	at jdk.proxy2/jdk.proxy2.$Proxy10.onException(Unknown Source)
	at org.openqa.selenium.support.events.EventFiringWebDriver.lambda$new$1(EventFiringWebDriver.java:107)
	at jdk.proxy2/jdk.proxy2.$Proxy11.getScreenshotAs(Unknown Source)
	at org.openqa.selenium.support.events.EventFiringWebDriver.getScreenshotAs(EventFiringWebDriver.java:302)
	at com.crm.qa.util.TestUtil.takeScreenshotAtEndOfTest(TestUtil.java:63)
	at com.crm.qa.util.WebEventListener.onException(WebEventListener.java:68)
	at org.openqa.selenium.support.events.EventFiringWebDriver.lambda$new$0(EventFiringWebDriver.java:84)
	at jdk.proxy2/jdk.proxy2.$Proxy10.onException(Unknown Source)
	at org.openqa.selenium.support.events.EventFiringWebDriver.lambda$new$1(EventFiringWebDriver.java:107)
	at jdk.proxy2/jdk.proxy2.$Proxy11.getScreenshotAs(Unknown Source)
	at org.openqa.selenium.support.events.EventFiringWebDriver.getScreenshotAs(EventFiringWebDriver.java:302)
	at com.crm.qa.util.TestUtil.takeScreenshotAtEndOfTest(TestUtil.java:63)
	at com.crm.qa.util.WebEventListener.onException(WebEventListener.java:68)
	at org.openqa.selenium.support.events.EventFiringWebDriver.lambda$new$0(EventFiringWebDriver.java:84)
	at jdk.proxy2/jdk.proxy2.$Proxy10.onException(Unknown Source)
	at org.openqa.selenium.support.events.EventFiringWebDriver.lambda$new$1(EventFiringWebDriver.java:107)
	at jdk.proxy2/jdk.proxy2.$Proxy11.getScreenshotAs(Unknown Source)
	at org.openqa.selenium.support.events.EventFiringWebDriver.getScreenshotAs(EventFiringWebDriver.java:302)
	at com.crm.qa.util.TestUtil.takeScreenshotAtEndOfTest(TestUtil.java:63)
	at com.crm.qa.util.WebEventListener.onException(WebEventListener.java:68)
	at org.openqa.selenium.support.events.EventFiringWebDriver.lambda$new$0(EventFiringWebDriver.java:84)
	at jdk.proxy2/jdk.proxy2.$Proxy10.onException(Unknown Source)
	at org.openqa.selenium.support.events.EventFiringWebDriver.lambda$new$1(EventFiringWebDriver.java:107)
	at jdk.proxy2/jdk.proxy2.$Proxy11.getScreenshotAs(Unknown Source)
	at org.openqa.selenium.support.events.EventFiringWebDriver.getScreenshotAs(EventFiringWebDriver.java:302)
	at com.crm.qa.util.TestUtil.takeScreenshotAtEndOfTest(TestUtil.java:63)
	at com.crm.qa.util.WebEventListener.onException(WebEventListener.java:68)
	at org.openqa.selenium.support.events.EventFiringWebDriver.lambda$new$0(EventFiringWebDriver.java:84)
	at jdk.proxy2/jdk.proxy2.$Proxy10.onException(Unknown Source)
	at org.openqa.selenium.support.events.EventFiringWebDriver.lambda$new$1(EventFiringWebDriver.java:107)
	at jdk.proxy2/jdk.proxy2.$Proxy11.getScreenshotAs(Unknown Source)
	at org.openqa.selenium.support.events.EventFiringWebDriver.getScreenshotAs(EventFiringWebDriver.java:302)
	at com.crm.qa.util.TestUtil.takeScreenshotAtEndOfTest(TestUtil.java:63)
	at com.crm.qa.util.WebEventListener.onException(WebEventListener.java:68)
	at org.openqa.selenium.support.events.EventFiringWebDriver.lambda$new$0(EventFiringWebDriver.java:84)
	at jdk.proxy2/jdk.proxy2.$Proxy10.onException(Unknown Source)
	at org.openqa.selenium.support.events.EventFiringWebDriver.lambda$new$1(EventFiringWebDriver.java:107)
	at jdk.proxy2/jdk.proxy2.$Proxy11.getScreenshotAs(Unknown Source)
	at org.openqa.selenium.support.events.EventFiringWebDriver.getScreenshotAs(EventFiringWebDriver.java:302)
	at com.crm.qa.util.TestUtil.takeScreenshotAtEndOfTest(TestUtil.java:63)
	at com.crm.qa.util.WebEventListener.onException(WebEventListener.java:68)
	at org.openqa.selenium.support.events.EventFiringWebDriver.lambda$new$0(EventFiringWebDriver.java:84)
	at jdk.proxy2/jdk.proxy2.$Proxy10.onException(Unknown Source)
	at org.openqa.selenium.support.events.EventFiringWebDriver.lambda$new$1(EventFiringWebDriver.java:107)
	at jdk.proxy2/jdk.proxy2.$Proxy11.getScreenshotAs(Unknown Source)
	at org.openqa.selenium.support.events.EventFiringWebDriver.getScreenshotAs(EventFiringWebDriver.java:302)
	at com.crm.qa.util.TestUtil.takeScreenshotAtEndOfTest(TestUtil.java:63)
	at com.crm.qa.util.WebEventListener.onException(WebEventListener.java:68)
	at org.openqa.selenium.support.events.EventFiringWebDriver.lambda$new$0(EventFiringWebDriver.java:84)
	at jdk.proxy2/jdk.proxy2.$Proxy10.onException(Unknown Source)
	at org.openqa.selenium.support.events.EventFiringWebDriver.lambda$new$1(EventFiringWebDriver.java:107)
	at jdk.proxy2/jdk.proxy2.$Proxy11.getScreenshotAs(Unknown Source)
	at org.openqa.selenium.support.events.EventFiringWebDriver.getScreenshotAs(EventFiringWebDriver.java:302)
	at com.crm.qa.util.TestUtil.takeScreenshotAtEndOfTest(TestUtil.java:63)
	at com.crm.qa.util.WebEventListener.onException(WebEventListener.java:68)
	at org.openqa.selenium.support.events.EventFiringWebDriver.lambda$new$0(EventFiringWebDriver.java:84)
	at jdk.proxy2/jdk.proxy2.$Proxy10.onException(Unknown Source)
	at org.openqa.selenium.support.events.EventFiringWebDriver.lambda$new$1(EventFiringWebDriver.java:107)
	at jdk.proxy2/jdk.proxy2.$Proxy11.getScreenshotAs(Unknown Source)
	at org.openqa.selenium.support.events.EventFiringWebDriver.getScreenshotAs(EventFiringWebDriver.java:302)
	at com.crm.qa.util.TestUtil.takeScreenshotAtEndOfTest(TestUtil.java:63)
	at com.crm.qa.util.WebEventListener.onException(WebEventListener.java:68)
	at org.openqa.selenium.support.events.EventFiringWebDriver.lambda$new$0(EventFiringWebDriver.java:84)
	at jdk.proxy2/jdk.proxy2.$Proxy10.onException(Unknown Source)
	at org.openqa.selenium.support.events.EventFiringWebDriver.lambda$new$1(EventFiringWebDriver.java:107)
	at jdk.proxy2/jdk.proxy2.$Proxy11.getScreenshotAs(Unknown Source)
	at org.openqa.selenium.support.events.EventFiringWebDriver.getScreenshotAs(EventFiringWebDriver.java:302)
	at com.crm.qa.util.TestUtil.takeScreenshotAtEndOfTest(TestUtil.java:63)
	at com.crm.qa.util.WebEventListener.onException(WebEventListener.java:68)
	at org.openqa.selenium.support.events.EventFiringWebDriver.lambda$new$0(EventFiringWebDriver.java:84)
	at jdk.proxy2/jdk.proxy2.$Proxy10.onException(Unknown Source)
	at org.openqa.selenium.support.events.EventFiringWebDriver.lambda$new$1(EventFiringWebDriver.java:107)
	at jdk.proxy2/jdk.proxy2.$Proxy11.getScreenshotAs(Unknown Source)
	at org.openqa.selenium.support.events.EventFiringWebDriver.getScreenshotAs(EventFiringWebDriver.java:302)
	at com.crm.qa.util.TestUtil.takeScreenshotAtEndOfTest(TestUtil.java:63)
	at com.crm.qa.util.WebEventListener.onException(WebEventListener.java:68)
	at org.openqa.selenium.support.events.EventFiringWebDriver.lambda$new$0(EventFiringWebDriver.java:84)
	at jdk.proxy2/jdk.proxy2.$Proxy10.onException(Unknown Source)
	at org.openqa.selenium.support.events.EventFiringWebDriver.lambda$new$1(EventFiringWebDriver.java:107)
	at jdk.proxy2/jdk.proxy2.$Proxy11.getScreenshotAs(Unknown Source)
	at org.openqa.selenium.support.events.EventFiringWebDriver.getScreenshotAs(EventFiringWebDriver.java:302)
	at com.crm.qa.util.TestUtil.takeScreenshotAtEndOfTest(TestUtil.java:63)
	at com.crm.qa.util.WebEventListener.onException(WebEventListener.java:68)
	at org.openqa.selenium.support.events.EventFiringWebDriver.lambda$new$0(EventFiringWebDriver.java:84)
	at jdk.proxy2/jdk.proxy2.$Proxy10.onException(Unknown Source)
	at org.openqa.selenium.support.events.EventFiringWebDriver.lambda$new$1(EventFiringWebDriver.java:107)
	at jdk.proxy2/jdk.proxy2.$Proxy11.getScreenshotAs(Unknown Source)
	at org.openqa.selenium.support.events.EventFiringWebDriver.getScreenshotAs(EventFiringWebDriver.java:302)
	at com.crm.qa.util.TestUtil.takeScreenshotAtEndOfTest(TestUtil.java:63)
	at com.crm.qa.util.WebEventListener.onException(WebEventListener.java:68)
	at org.openqa.selenium.support.events.EventFiringWebDriver.lambda$new$0(EventFiringWebDriver.java:84)
	at jdk.proxy2/jdk.proxy2.$Proxy10.onException(Unknown Source)
	at org.openqa.selenium.support.events.EventFiringWebDriver.lambda$new$1(EventFiringWebDriver.java:107)
	at jdk.proxy2/jdk.proxy2.$Proxy11.getScreenshotAs(Unknown Source)
	at org.openqa.selenium.support.events.EventFiringWebDriver.getScreenshotAs(EventFiringWebDriver.java:302)
	at com.crm.qa.util.TestUtil.takeScreenshotAtEndOfTest(TestUtil.java:63)
	at com.crm.qa.util.WebEventListener.onException(WebEventListener.java:68)
	at org.openqa.selenium.support.events.EventFiringWebDriver.lambda$new$0(EventFiringWebDriver.java:84)
	at jdk.proxy2/jdk.proxy2.$Proxy10.onException(Unknown Source)
	at org.openqa.selenium.support.events.EventFiringWebDriver.lambda$new$1(EventFiringWebDriver.java:107)
	at jdk.proxy2/jdk.proxy2.$Proxy11.getScreenshotAs(Unknown Source)
	at org.openqa.selenium.support.events.EventFiringWebDriver.getScreenshotAs(EventFiringWebDriver.java:302)
	at com.crm.qa.util.TestUtil.takeScreenshotAtEndOfTest(TestUtil.java:63)
	at com.crm.qa.util.WebEventListener.onException(WebEventListener.java:68)
	at org.openqa.selenium.support.events.EventFiringWebDriver.lambda$new$0(EventFiringWebDriver.java:84)
	at jdk.proxy2/jdk.proxy2.$Proxy10.onException(Unknown Source)
	at org.openqa.selenium.support.events.EventFiringWebDriver.lambda$new$1(EventFiringWebDriver.java:107)
	at jdk.proxy2/jdk.proxy2.$Proxy11.getScreenshotAs(Unknown Source)
	at org.openqa.selenium.support.events.EventFiringWebDriver.getScreenshotAs(EventFiringWebDriver.java:302)
	at com.crm.qa.util.TestUtil.takeScreenshotAtEndOfTest(TestUtil.java:63)
	at com.crm.qa.util.WebEventListener.onException(WebEventListener.java:68)
	at org.openqa.selenium.support.events.EventFiringWebDriver.lambda$new$0(EventFiringWebDriver.java:84)
	at jdk.proxy2/jdk.proxy2.$Proxy10.onException(Unknown Source)
	at org.openqa.selenium.support.events.EventFiringWebDriver.lambda$new$1(EventFiringWebDriver.java:107)
	at jdk.proxy2/jdk.proxy2.$Proxy11.getScreenshotAs(Unknown Source)
	at org.openqa.selenium.support.events.EventFiringWebDriver.getScreenshotAs(EventFiringWebDriver.java:302)
	at com.crm.qa.util.TestUtil.takeScreenshotAtEndOfTest(TestUtil.java:63)
	at com.crm.qa.util.WebEventListener.onException(WebEventListener.java:68)
	at org.openqa.selenium.support.events.EventFiringWebDriver.lambda$new$0(EventFiringWebDriver.java:84)
	at jdk.proxy2/jdk.proxy2.$Proxy10.onException(Unknown Source)
	at org.openqa.selenium.support.events.EventFiringWebDriver.lambda$new$1(EventFiringWebDriver.java:107)
	at jdk.proxy2/jdk.proxy2.$Proxy11.getScreenshotAs(Unknown Source)
	at org.openqa.selenium.support.events.EventFiringWebDriver.getScreenshotAs(EventFiringWebDriver.java:302)
	at com.crm.qa.util.TestUtil.takeScreenshotAtEndOfTest(TestUtil.java:63)
	at com.crm.qa.util.WebEventListener.onException(WebEventListener.java:68)
	at org.openqa.selenium.support.events.EventFiringWebDriver.lambda$new$0(EventFiringWebDriver.java:84)
	at jdk.proxy2/jdk.proxy2.$Proxy10.onException(Unknown Source)
	at org.openqa.selenium.support.events.EventFiringWebDriver.lambda$new$1(EventFiringWebDriver.java:107)
	at jdk.proxy2/jdk.proxy2.$Proxy11.getScreenshotAs(Unknown Source)
	at org.openqa.selenium.support.events.EventFiringWebDriver.getScreenshotAs(EventFiringWebDriver.java:302)
	at com.crm.qa.util.TestUtil.takeScreenshotAtEndOfTest(TestUtil.java:63)
	at com.crm.qa.util.WebEventListener.onException(WebEventListener.java:68)
	at org.openqa.selenium.support.events.EventFiringWebDriver.lambda$new$0(EventFiringWebDriver.java:84)
	at jdk.proxy2/jdk.proxy2.$Proxy10.onException(Unknown Source)
	at org.openqa.selenium.support.events.EventFiringWebDriver.lambda$new$1(EventFiringWebDriver.java:107)
	at jdk.proxy2/jdk.proxy2.$Proxy11.getScreenshotAs(Unknown Source)
	at org.openqa.selenium.support.events.EventFiringWebDriver.getScreenshotAs(EventFiringWebDriver.java:302)
	at com.crm.qa.util.TestUtil.takeScreenshotAtEndOfTest(TestUtil.java:63)
	at com.crm.qa.util.WebEventListener.onException(WebEventListener.java:68)
	at org.openqa.selenium.support.events.EventFiringWebDriver.lambda$new$0(EventFiringWebDriver.java:84)
	at jdk.proxy2/jdk.proxy2.$Proxy10.onException(Unknown Source)
	at org.openqa.selenium.support.events.EventFiringWebDriver.lambda$new$1(EventFiringWebDriver.java:107)
	at jdk.proxy2/jdk.proxy2.$Proxy11.getScreenshotAs(Unknown Source)
	at org.openqa.selenium.support.events.EventFiringWebDriver.getScreenshotAs(EventFiringWebDriver.java:302)
	at com.crm.qa.util.TestUtil.takeScreenshotAtEndOfTest(TestUtil.java:63)
	at com.crm.qa.util.WebEventListener.onException(WebEventListener.java:68)
	at org.openqa.selenium.support.events.EventFiringWebDriver.lambda$new$0(EventFiringWebDriver.java:84)
	at jdk.proxy2/jdk.proxy2.$Proxy10.onException(Unknown Source)
	at org.openqa.selenium.support.events.EventFiringWebDriver.lambda$new$1(EventFiringWebDriver.java:107)
	at jdk.proxy2/jdk.proxy2.$Proxy11.getScreenshotAs(Unknown Source)
	at org.openqa.selenium.support.events.EventFiringWebDriver.getScreenshotAs(EventFiringWebDriver.java:302)
	at com.crm.qa.util.TestUtil.takeScreenshotAtEndOfTest(TestUtil.java:63)
	at com.crm.qa.util.WebEventListener.onException(WebEventListener.java:68)
	at org.openqa.selenium.support.events.EventFiringWebDriver.lambda$new$0(EventFiringWebDriver.java:84)
	at jdk.proxy2/jdk.proxy2.$Proxy10.onException(Unknown Source)
	at org.openqa.selenium.support.events.EventFiringWebDriver.lambda$new$1(EventFiringWebDriver.java:107)
	at jdk.proxy2/jdk.proxy2.$Proxy11.getScreenshotAs(Unknown Source)
	at org.openqa.selenium.support.events.EventFiringWebDriver.getScreenshotAs(EventFiringWebDriver.java:302)
	at com.crm.qa.util.TestUtil.takeScreenshotAtEndOfTest(TestUtil.java:63)
	at com.crm.qa.util.WebEventListener.onException(WebEventListener.java:68)
	at org.openqa.selenium.support.events.EventFiringWebDriver.lambda$new$0(EventFiringWebDriver.java:84)
	at jdk.proxy2/jdk.proxy2.$Proxy10.onException(Unknown Source)
	at org.openqa.selenium.support.events.EventFiringWebDriver.lambda$new$1(EventFiringWebDriver.java:107)
	at jdk.proxy2/jdk.proxy2.$Proxy11.getScreenshotAs(Unknown Source)
	at org.openqa.selenium.support.events.EventFiringWebDriver.getScreenshotAs(EventFiringWebDriver.java:302)
	at com.crm.qa.util.TestUtil.takeScreenshotAtEndOfTest(TestUtil.java:63)
	at com.crm.qa.util.WebEventListener.onException(WebEventListener.java:68)
	at org.openqa.selenium.support.events.EventFiringWebDriver.lambda$new$0(EventFiringWebDriver.java:84)
	at jdk.proxy2/jdk.proxy2.$Proxy10.onException(Unknown Source)
	at org.openqa.selenium.support.events.EventFiringWebDriver.lambda$new$1(EventFiringWebDriver.java:107)
	at jdk.proxy2/jdk.proxy2.$Proxy11.getScreenshotAs(Unknown Source)
	at org.openqa.selenium.support.events.EventFiringWebDriver.getScreenshotAs(EventFiringWebDriver.java:302)
	at com.crm.qa.util.TestUtil.takeScreenshotAtEndOfTest(TestUtil.java:63)
	at com.crm.qa.util.WebEventListener.onException(WebEventListener.java:68)
	at org.openqa.selenium.support.events.EventFiringWebDriver.lambda$new$0(EventFiringWebDriver.java:84)
	at jdk.proxy2/jdk.proxy2.$Proxy10.onException(Unknown Source)
	at org.openqa.selenium.support.events.EventFiringWebDriver.lambda$new$1(EventFiringWebDriver.java:107)
	at jdk.proxy2/jdk.proxy2.$Proxy11.getScreenshotAs(Unknown Source)
	at org.openqa.selenium.support.events.EventFiringWebDriver.getScreenshotAs(EventFiringWebDriver.java:302)
	at com.crm.qa.util.TestUtil.takeScreenshotAtEndOfTest(TestUtil.java:63)
	at com.crm.qa.util.WebEventListener.onException(WebEventListener.java:68)
	at org.openqa.selenium.support.events.EventFiringWebDriver.lambda$new$0(EventFiringWebDriver.java:84)
	at jdk.proxy2/jdk.proxy2.$Proxy10.onException(Unknown Source)
	at org.openqa.selenium.support.events.EventFiringWebDriver.lambda$new$1(EventFiringWebDriver.java:107)
	at jdk.proxy2/jdk.proxy2.$Proxy11.getScreenshotAs(Unknown Source)
	at org.openqa.selenium.support.events.EventFiringWebDriver.getScreenshotAs(EventFiringWebDriver.java:302)
	at com.crm.qa.util.TestUtil.takeScreenshotAtEndOfTest(TestUtil.java:63)
	at com.crm.qa.util.WebEventListener.onException(WebEventListener.java:68)
	at org.openqa.selenium.support.events.EventFiringWebDriver.lambda$new$0(EventFiringWebDriver.java:84)
	at jdk.proxy2/jdk.proxy2.$Proxy10.onException(Unknown Source)
	at org.openqa.selenium.support.events.EventFiringWebDriver.lambda$new$1(EventFiringWebDriver.java:107)
	at jdk.proxy2/jdk.proxy2.$Proxy11.getScreenshotAs(Unknown Source)
	at org.openqa.selenium.support.events.EventFiringWebDriver.getScreenshotAs(EventFiringWebDriver.java:302)
	at com.crm.qa.util.TestUtil.takeScreenshotAtEndOfTest(TestUtil.java:63)
	at com.crm.qa.util.WebEventListener.onException(WebEventListener.java:68)
	at org.openqa.selenium.support.events.EventFiringWebDriver.lambda$new$0(EventFiringWebDriver.java:84)
	at jdk.proxy2/jdk.proxy2.$Proxy10.onException(Unknown Source)
	at org.openqa.selenium.support.events.EventFiringWebDriver.lambda$new$1(EventFiringWebDriver.java:107)
	at jdk.proxy2/jdk.proxy2.$Proxy11.getScreenshotAs(Unknown Source)
	at org.openqa.selenium.support.events.EventFiringWebDriver.getScreenshotAs(EventFiringWebDriver.java:302)
	at com.crm.qa.util.TestUtil.takeScreenshotAtEndOfTest(TestUtil.java:63)
	at com.crm.qa.util.WebEventListener.onException(WebEventListener.java:68)
	at org.openqa.selenium.support.events.EventFiringWebDriver.lambda$new$0(EventFiringWebDriver.java:84)
	at jdk.proxy2/jdk.proxy2.$Proxy10.onException(Unknown Source)
	at org.openqa.selenium.support.events.EventFiringWebDriver.lambda$new$1(EventFiringWebDriver.java:107)
	at jdk.proxy2/jdk.proxy2.$Proxy11.getScreenshotAs(Unknown Source)
	at org.openqa.selenium.support.events.EventFiringWebDriver.getScreenshotAs(EventFiringWebDriver.java:302)
	at com.crm.qa.util.TestUtil.takeScreenshotAtEndOfTest(TestUtil.java:63)
	at com.crm.qa.util.WebEventListener.onException(WebEventListener.java:68)
	at org.openqa.selenium.support.events.EventFiringWebDriver.lambda$new$0(EventFiringWebDriver.java:84)
	at jdk.proxy2/jdk.proxy2.$Proxy10.onException(Unknown Source)
	at org.openqa.selenium.support.events.EventFiringWebDriver.lambda$new$1(EventFiringWebDriver.java:107)
	at jdk.proxy2/jdk.proxy2.$Proxy11.getScreenshotAs(Unknown Source)
	at org.openqa.selenium.support.events.EventFiringWebDriver.getScreenshotAs(EventFiringWebDriver.java:302)
	at com.crm.qa.util.TestUtil.takeScreenshotAtEndOfTest(TestUtil.java:63)
	at com.crm.qa.util.WebEventListener.onException(WebEventListener.java:68)
	at org.openqa.selenium.support.events.EventFiringWebDriver.lambda$new$0(EventFiringWebDriver.java:84)
	at jdk.proxy2/jdk.proxy2.$Proxy10.onException(Unknown Source)
	at org.openqa.selenium.support.events.EventFiringWebDriver.lambda$new$1(EventFiringWebDriver.java:107)
	at jdk.proxy2/jdk.proxy2.$Proxy11.getScreenshotAs(Unknown Source)
	at org.openqa.selenium.support.events.EventFiringWebDriver.getScreenshotAs(EventFiringWebDriver.java:302)
	at com.crm.qa.util.TestUtil.takeScreenshotAtEndOfTest(TestUtil.java:63)
	at com.crm.qa.util.WebEventListener.onException(WebEventListener.java:68)
	at org.openqa.selenium.support.events.EventFiringWebDriver.lambda$new$0(EventFiringWebDriver.java:84)
	at jdk.proxy2/jdk.proxy2.$Proxy10.onException(Unknown Source)
	at org.openqa.selenium.support.events.EventFiringWebDriver.lambda$new$1(EventFiringWebDriver.java:107)
	at jdk.proxy2/jdk.proxy2.$Proxy11.getScreenshotAs(Unknown Source)
	at org.openqa.selenium.support.events.EventFiringWebDriver.getScreenshotAs(EventFiringWebDriver.java:302)
	at com.crm.qa.util.TestUtil.takeScreenshotAtEndOfTest(TestUtil.java:63)
	at com.crm.qa.util.WebEventListener.onException(WebEventListener.java:68)
	at org.openqa.selenium.support.events.EventFiringWebDriver.lambda$new$0(EventFiringWebDriver.java:84)
	at jdk.proxy2/jdk.proxy2.$Proxy10.onException(Unknown Source)
	at org.openqa.selenium.support.events.EventFiringWebDriver.lambda$new$1(EventFiringWebDriver.java:107)
	at jdk.proxy2/jdk.proxy2.$Proxy11.getScreenshotAs(Unknown Source)
	at org.openqa.selenium.support.events.EventFiringWebDriver.getScreenshotAs(EventFiringWebDriver.java:302)
	at com.crm.qa.util.TestUtil.takeScreenshotAtEndOfTest(TestUtil.java:63)
	at com.crm.qa.util.WebEventListener.onException(WebEventListener.java:68)
	at org.openqa.selenium.support.events.EventFiringWebDriver.lambda$new$0(EventFiringWebDriver.java:84)
	at jdk.proxy2/jdk.proxy2.$Proxy10.onException(Unknown Source)
	at org.openqa.selenium.support.events.EventFiringWebDriver.lambda$new$1(EventFiringWebDriver.java:107)
	at jdk.proxy2/jdk.proxy2.$Proxy11.getScreenshotAs(Unknown Source)
	at org.openqa.selenium.support.events.EventFiringWebDriver.getScreenshotAs(EventFiringWebDriver.java:302)
	at com.crm.qa.util.TestUtil.takeScreenshotAtEndOfTest(TestUtil.java:63)
	at com.crm.qa.util.WebEventListener.onException(WebEventListener.java:68)
	at org.openqa.selenium.support.events.EventFiringWebDriver.lambda$new$0(EventFiringWebDriver.java:84)
	at jdk.proxy2/jdk.proxy2.$Proxy10.onException(Unknown Source)
	at org.openqa.selenium.support.events.EventFiringWebDriver.lambda$new$1(EventFiringWebDriver.java:107)
	at jdk.proxy2/jdk.proxy2.$Proxy11.getScreenshotAs(Unknown Source)
	at org.openqa.selenium.support.events.EventFiringWebDriver.getScreenshotAs(EventFiringWebDriver.java:302)
	at com.crm.qa.util.TestUtil.takeScreenshotAtEndOfTest(TestUtil.java:63)
	at com.crm.qa.util.WebEventListener.onException(WebEventListener.java:68)
	at org.openqa.selenium.support.events.EventFiringWebDriver.lambda$new$0(EventFiringWebDriver.java:84)
	at jdk.proxy2/jdk.proxy2.$Proxy10.onException(Unknown Source)
	at org.openqa.selenium.support.events.EventFiringWebDriver.lambda$new$1(EventFiringWebDriver.java:107)
	at jdk.proxy2/jdk.proxy2.$Proxy11.getScreenshotAs(Unknown Source)
	at org.openqa.selenium.support.events.EventFiringWebDriver.getScreenshotAs(EventFiringWebDriver.java:302)
	at com.crm.qa.util.TestUtil.takeScreenshotAtEndOfTest(TestUtil.java:63)
	at com.crm.qa.util.WebEventListener.onException(WebEventListener.java:68)
	at org.openqa.selenium.support.events.EventFiringWebDriver.lambda$new$0(EventFiringWebDriver.java:84)
	at jdk.proxy2/jdk.proxy2.$Proxy10.onException(Unknown Source)
	at org.openqa.selenium.support.events.EventFiringWebDriver.lambda$new$1(EventFiringWebDriver.java:107)
	at jdk.proxy2/jdk.proxy2.$Proxy11.getScreenshotAs(Unknown Source)
	at org.openqa.selenium.support.events.EventFiringWebDriver.getScreenshotAs(EventFiringWebDriver.java:302)
	at com.crm.qa.util.TestUtil.takeScreenshotAtEndOfTest(TestUtil.java:63)
	at com.crm.qa.util.WebEventListener.onException(WebEventListener.java:68)
	at org.openqa.selenium.support.events.EventFiringWebDriver.lambda$new$0(EventFiringWebDriver.java:84)
	at jdk.proxy2/jdk.proxy2.$Proxy10.onException(Unknown Source)
	at org.openqa.selenium.support.events.EventFiringWebDriver.lambda$new$1(EventFiringWebDriver.java:107)
	at jdk.proxy2/jdk.proxy2.$Proxy11.getScreenshotAs(Unknown Source)
	at org.openqa.selenium.support.events.EventFiringWebDriver.getScreenshotAs(EventFiringWebDriver.java:302)
	at com.crm.qa.util.TestUtil.takeScreenshotAtEndOfTest(TestUtil.java:63)
	at com.crm.qa.util.WebEventListener.onException(WebEventListener.java:68)
	at org.openqa.selenium.support.events.EventFiringWebDriver.lambda$new$0(EventFiringWebDriver.java:84)
	at jdk.proxy2/jdk.proxy2.$Proxy10.onException(Unknown Source)
	at org.openqa.selenium.support.events.EventFiringWebDriver.lambda$new$1(EventFiringWebDriver.java:107)
	at jdk.proxy2/jdk.proxy2.$Proxy11.getScreenshotAs(Unknown Source)
	at org.openqa.selenium.support.events.EventFiringWebDriver.getScreenshotAs(EventFiringWebDriver.java:302)
	at com.crm.qa.util.TestUtil.takeScreenshotAtEndOfTest(TestUtil.java:63)
	at com.crm.qa.util.WebEventListener.onException(WebEventListener.java:68)
	at org.openqa.selenium.support.events.EventFiringWebDriver.lambda$new$0(EventFiringWebDriver.java:84)
	at jdk.proxy2/jdk.proxy2.$Proxy10.onException(Unknown Source)
	at org.openqa.selenium.support.events.EventFiringWebDriver.lambda$new$1(EventFiringWebDriver.java:107)
	at jdk.proxy2/jdk.proxy2.$Proxy11.getScreenshotAs(Unknown Source)
	at org.openqa.selenium.support.events.EventFiringWebDriver.getScreenshotAs(EventFiringWebDriver.java:302)
	at com.crm.qa.util.TestUtil.takeScreenshotAtEndOfTest(TestUtil.java:63)
	at com.crm.qa.util.WebEventListener.onException(WebEventListener.java:68)
	at org.openqa.selenium.support.events.EventFiringWebDriver.lambda$new$0(EventFiringWebDriver.java:84)
	at jdk.proxy2/jdk.proxy2.$Proxy10.onException(Unknown Source)
	at org.openqa.selenium.support.events.EventFiringWebDriver.lambda$new$1(EventFiringWebDriver.java:107)
	at jdk.proxy2/jdk.proxy2.$Proxy11.getScreenshotAs(Unknown Source)
	at org.openqa.selenium.support.events.EventFiringWebDriver.getScreenshotAs(EventFiringWebDriver.java:302)
	at com.crm.qa.util.TestUtil.takeScreenshotAtEndOfTest(TestUtil.java:63)
	at com.crm.qa.util.WebEventListener.onException(WebEventListener.java:68)
	at org.openqa.selenium.support.events.EventFiringWebDriver.lambda$new$0(EventFiringWebDriver.java:84)
	at jdk.proxy2/jdk.proxy2.$Proxy10.onException(Unknown Source)
	at org.openqa.selenium.support.events.EventFiringWebDriver.lambda$new$1(EventFiringWebDriver.java:107)
	at jdk.proxy2/jdk.proxy2.$Proxy11.getScreenshotAs(Unknown Source)
	at org.openqa.selenium.support.events.EventFiringWebDriver.getScreenshotAs(EventFiringWebDriver.java:302)
	at com.crm.qa.util.TestUtil.takeScreenshotAtEndOfTest(TestUtil.java:63)
	at com.crm.qa.util.WebEventListener.onException(WebEventListener.java:68)
	at org.openqa.selenium.support.events.EventFiringWebDriver.lambda$new$0(EventFiringWebDriver.java:84)
	at jdk.proxy2/jdk.proxy2.$Proxy10.onException(Unknown Source)
	at org.openqa.selenium.support.events.EventFiringWebDriver.lambda$new$1(EventFiringWebDriver.java:107)
	at jdk.proxy2/jdk.proxy2.$Proxy11.getScreenshotAs(Unknown Source)
	at org.openqa.selenium.support.events.EventFiringWebDriver.getScreenshotAs(EventFiringWebDriver.java:302)
	at com.crm.qa.util.TestUtil.takeScreenshotAtEndOfTest(TestUtil.java:63)
	at com.crm.qa.util.WebEventListener.onException(WebEventListener.java:68)
	at org.openqa.selenium.support.events.EventFiringWebDriver.lambda$new$0(EventFiringWebDriver.java:84)
	at jdk.proxy2/jdk.proxy2.$Proxy10.onException(Unknown Source)
	at org.openqa.selenium.support.events.EventFiringWebDriver.lambda$new$1(EventFiringWebDriver.java:107)
	at jdk.proxy2/jdk.proxy2.$Proxy11.getScreenshotAs(Unknown Source)
	at org.openqa.selenium.support.events.EventFiringWebDriver.getScreenshotAs(EventFiringWebDriver.java:302)
	at com.crm.qa.util.TestUtil.takeScreenshotAtEndOfTest(TestUtil.java:63)
	at com.crm.qa.util.WebEventListener.onException(WebEventListener.java:68)
	at org.openqa.selenium.support.events.EventFiringWebDriver.lambda$new$0(EventFiringWebDriver.java:84)
	at jdk.proxy2/jdk.proxy2.$Proxy10.onException(Unknown Source)
	at org.openqa.selenium.support.events.EventFiringWebDriver.lambda$new$1(EventFiringWebDriver.java:107)
	at jdk.proxy2/jdk.proxy2.$Proxy11.getScreenshotAs(Unknown Source)
	at org.openqa.selenium.support.events.EventFiringWebDriver.getScreenshotAs(EventFiringWebDriver.java:302)
	at com.crm.qa.util.TestUtil.takeScreenshotAtEndOfTest(TestUtil.java:63)
	at com.crm.qa.util.WebEventListener.onException(WebEventListener.java:68)
	at org.openqa.selenium.support.events.EventFiringWebDriver.lambda$new$0(EventFiringWebDriver.java:84)
	at jdk.proxy2/jdk.proxy2.$Proxy10.onException(Unknown Source)
	at org.openqa.selenium.support.events.EventFiringWebDriver.lambda$new$1(EventFiringWebDriver.java:107)
	at jdk.proxy2/jdk.proxy2.$Proxy11.getScreenshotAs(Unknown Source)
	at org.openqa.selenium.support.events.EventFiringWebDriver.getScreenshotAs(EventFiringWebDriver.java:302)
	at com.crm.qa.util.TestUtil.takeScreenshotAtEndOfTest(TestUtil.java:63)
	at com.crm.qa.util.WebEventListener.onException(WebEventListener.java:68)
	at org.openqa.selenium.support.events.EventFiringWebDriver.lambda$new$0(EventFiringWebDriver.java:84)
	at jdk.proxy2/jdk.proxy2.$Proxy10.onException(Unknown Source)
	at org.openqa.selenium.support.events.EventFiringWebDriver.lambda$new$1(EventFiringWebDriver.java:107)
	at jdk.proxy2/jdk.proxy2.$Proxy11.getScreenshotAs(Unknown Source)
	at org.openqa.selenium.support.events.EventFiringWebDriver.getScreenshotAs(EventFiringWebDriver.java:302)
	at com.crm.qa.util.TestUtil.takeScreenshotAtEndOfTest(TestUtil.java:63)
	at com.crm.qa.util.WebEventListener.onException(WebEventListener.java:68)
	at org.openqa.selenium.support.events.EventFiringWebDriver.lambda$new$0(EventFiringWebDriver.java:84)
	at jdk.proxy2/jdk.proxy2.$Proxy10.onException(Unknown Source)
	at org.openqa.selenium.support.events.EventFiringWebDriver.lambda$new$1(EventFiringWebDriver.java:107)
	at jdk.proxy2/jdk.proxy2.$Proxy11.getScreenshotAs(Unknown Source)
	at org.openqa.selenium.support.events.EventFiringWebDriver.getScreenshotAs(EventFiringWebDriver.java:302)
	at com.crm.qa.util.TestUtil.takeScreenshotAtEndOfTest(TestUtil.java:63)
	at com.crm.qa.util.WebEventListener.onException(WebEventListener.java:68)
	at org.openqa.selenium.support.events.EventFiringWebDriver.lambda$new$0(EventFiringWebDriver.java:84)
	at jdk.proxy2/jdk.proxy2.$Proxy10.onException(Unknown Source)
	at org.openqa.selenium.support.events.EventFiringWebDriver.lambda$new$1(EventFiringWebDriver.java:107)
	at jdk.proxy2/jdk.proxy2.$Proxy11.getScreenshotAs(Unknown Source)
	at org.openqa.selenium.support.events.EventFiringWebDriver.getScreenshotAs(EventFiringWebDriver.java:302)
	at com.crm.qa.util.TestUtil.takeScreenshotAtEndOfTest(TestUtil.java:63)
	at com.crm.qa.util.WebEventListener.onException(WebEventListener.java:68)
	at org.openqa.selenium.support.events.EventFiringWebDriver.lambda$new$0(EventFiringWebDriver.java:84)
	at jdk.proxy2/jdk.proxy2.$Proxy10.onException(Unknown Source)
	at org.openqa.selenium.support.events.EventFiringWebDriver.lambda$new$1(EventFiringWebDriver.java:107)
	at jdk.proxy2/jdk.proxy2.$Proxy11.getScreenshotAs(Unknown Source)
	at org.openqa.selenium.support.events.EventFiringWebDriver.getScreenshotAs(EventFiringWebDriver.java:302)
	at com.crm.qa.util.TestUtil.takeScreenshotAtEndOfTest(TestUtil.java:63)
	at com.crm.qa.util.WebEventListener.onException(WebEventListener.java:68)
	at org.openqa.selenium.support.events.EventFiringWebDriver.lambda$new$0(EventFiringWebDriver.java:84)
	at jdk.proxy2/jdk.proxy2.$Proxy10.onException(Unknown Source)
	at org.openqa.selenium.support.events.EventFiringWebDriver.lambda$new$1(EventFiringWebDriver.java:107)
	at jdk.proxy2/jdk.proxy2.$Proxy11.getScreenshotAs(Unknown Source)
	at org.openqa.selenium.support.events.EventFiringWebDriver.getScreenshotAs(EventFiringWebDriver.java:302)
	at com.crm.qa.util.TestUtil.takeScreenshotAtEndOfTest(TestUtil.java:63)
	at com.crm.qa.util.WebEventListener.onException(WebEventListener.java:68)
	at org.openqa.selenium.support.events.EventFiringWebDriver.lambda$new$0(EventFiringWebDriver.java:84)
	at jdk.proxy2/jdk.proxy2.$Proxy10.onException(Unknown Source)
	at org.openqa.selenium.support.events.EventFiringWebDriver.lambda$new$1(EventFiringWebDriver.java:107)
	at jdk.proxy2/jdk.proxy2.$Proxy11.getScreenshotAs(Unknown Source)
	at org.openqa.selenium.support.events.EventFiringWebDriver.getScreenshotAs(EventFiringWebDriver.java:302)
	at com.crm.qa.util.TestUtil.takeScreenshotAtEndOfTest(TestUtil.java:63)
	at com.crm.qa.util.WebEventListener.onException(WebEventListener.java:68)
	at org.openqa.selenium.support.events.EventFiringWebDriver.lambda$new$0(EventFiringWebDriver.java:84)
	at jdk.proxy2/jdk.proxy2.$Proxy10.onException(Unknown Source)
	at org.openqa.selenium.support.events.EventFiringWebDriver.lambda$new$1(EventFiringWebDriver.java:107)
	at jdk.proxy2/jdk.proxy2.$Proxy11.getScreenshotAs(Unknown Source)
	at org.openqa.selenium.support.events.EventFiringWebDriver.getScreenshotAs(EventFiringWebDriver.java:302)
	at com.crm.qa.util.TestUtil.takeScreenshotAtEndOfTest(TestUtil.java:63)
	at com.crm.qa.util.WebEventListener.onException(WebEventListener.java:68)
	at org.openqa.selenium.support.events.EventFiringWebDriver.lambda$new$0(EventFiringWebDriver.java:84)
	at jdk.proxy2/jdk.proxy2.$Proxy10.onException(Unknown Source)
	at org.openqa.selenium.support.events.EventFiringWebDriver.lambda$new$1(EventFiringWebDriver.java:107)
	at jdk.proxy2/jdk.proxy2.$Proxy11.getScreenshotAs(Unknown Source)
	at org.openqa.selenium.support.events.EventFiringWebDriver.getScreenshotAs(EventFiringWebDriver.java:302)
	at com.crm.qa.util.TestUtil.takeScreenshotAtEndOfTest(TestUtil.java:63)
	at com.crm.qa.util.WebEventListener.onException(WebEventListener.java:68)
	at org.openqa.selenium.support.events.EventFiringWebDriver.lambda$new$0(EventFiringWebDriver.java:84)
	at jdk.proxy2/jdk.proxy2.$Proxy10.onException(Unknown Source)
	at org.openqa.selenium.support.events.EventFiringWebDriver.lambda$new$1(EventFiringWebDriver.java:107)
	at jdk.proxy2/jdk.proxy2.$Proxy11.getScreenshotAs(Unknown Source)
	at org.openqa.selenium.support.events.EventFiringWebDriver.getScreenshotAs(EventFiringWebDriver.java:302)
	at com.crm.qa.util.TestUtil.takeScreenshotAtEndOfTest(TestUtil.java:63)
	at com.crm.qa.util.WebEventListener.onException(WebEventListener.java:68)
	at org.openqa.selenium.support.events.EventFiringWebDriver.lambda$new$0(EventFiringWebDriver.java:84)
	at jdk.proxy2/jdk.proxy2.$Proxy10.onException(Unknown Source)
	at org.openqa.selenium.support.events.EventFiringWebDriver.lambda$new$1(EventFiringWebDriver.java:107)
	at jdk.proxy2/jdk.proxy2.$Proxy11.getScreenshotAs(Unknown Source)
	at org.openqa.selenium.support.events.EventFiringWebDriver.getScreenshotAs(EventFiringWebDriver.java:302)
	at com.crm.qa.util.TestUtil.takeScreenshotAtEndOfTest(TestUtil.java:63)
	at com.crm.qa.util.WebEventListener.onException(WebEventListener.java:68)
	at org.openqa.selenium.support.events.EventFiringWebDriver.lambda$new$0(EventFiringWebDriver.java:84)
	at jdk.proxy2/jdk.proxy2.$Proxy10.onException(Unknown Source)
	at org.openqa.selenium.support.events.EventFiringWebDriver.lambda$new$1(EventFiringWebDriver.java:107)
	at jdk.proxy2/jdk.proxy2.$Proxy11.getScreenshotAs(Unknown Source)
	at org.openqa.selenium.support.events.EventFiringWebDriver.getScreenshotAs(EventFiringWebDriver.java:302)
	at com.crm.qa.util.TestUtil.takeScreenshotAtEndOfTest(TestUtil.java:63)
	at com.crm.qa.util.WebEventListener.onException(WebEventListener.java:68)
	at org.openqa.selenium.support.events.EventFiringWebDriver.lambda$new$0(EventFiringWebDriver.java:84)
	at jdk.proxy2/jdk.proxy2.$Proxy10.onException(Unknown Source)
	at org.openqa.selenium.support.events.EventFiringWebDriver.lambda$new$1(EventFiringWebDriver.java:107)
	at jdk.proxy2/jdk.proxy2.$Proxy11.getScreenshotAs(Unknown Source)
	at org.openqa.selenium.support.events.EventFiringWebDriver.getScreenshotAs(EventFiringWebDriver.java:302)
	at com.crm.qa.util.TestUtil.takeScreenshotAtEndOfTest(TestUtil.java:63)
	at com.crm.qa.util.WebEventListener.onException(WebEventListener.java:68)
	at org.openqa.selenium.support.events.EventFiringWebDriver.lambda$new$0(EventFiringWebDriver.java:84)
	at jdk.proxy2/jdk.proxy2.$Proxy10.onException(Unknown Source)
	at org.openqa.selenium.support.events.EventFiringWebDriver.lambda$new$1(EventFiringWebDriver.java:107)
	at jdk.proxy2/jdk.proxy2.$Proxy11.getScreenshotAs(Unknown Source)
	at org.openqa.selenium.support.events.EventFiringWebDriver.getScreenshotAs(EventFiringWebDriver.java:302)
	at com.crm.qa.util.TestUtil.takeScreenshotAtEndOfTest(TestUtil.java:63)
	at com.crm.qa.util.WebEventListener.onException(WebEventListener.java:68)
	at org.openqa.selenium.support.events.EventFiringWebDriver.lambda$new$0(EventFiringWebDriver.java:84)
	at jdk.proxy2/jdk.proxy2.$Proxy10.onException(Unknown Source)
	at org.openqa.selenium.support.events.EventFiringWebDriver.lambda$new$1(EventFiringWebDriver.java:107)
	at jdk.proxy2/jdk.proxy2.$Proxy11.getScreenshotAs(Unknown Source)
	at org.openqa.selenium.support.events.EventFiringWebDriver.getScreenshotAs(EventFiringWebDriver.java:302)
	at com.crm.qa.util.TestUtil.takeScreenshotAtEndOfTest(TestUtil.java:63)
	at com.crm.qa.util.WebEventListener.onException(WebEventListener.java:68)
	at org.openqa.selenium.support.events.EventFiringWebDriver.lambda$new$0(EventFiringWebDriver.java:84)
	at jdk.proxy2/jdk.proxy2.$Proxy10.onException(Unknown Source)
	at org.openqa.selenium.support.events.EventFiringWebDriver.lambda$new$1(EventFiringWebDriver.java:107)
	at jdk.proxy2/jdk.proxy2.$Proxy11.getScreenshotAs(Unknown Source)
	at org.openqa.selenium.support.events.EventFiringWebDriver.getScreenshotAs(EventFiringWebDriver.java:302)
	at com.crm.qa.util.TestUtil.takeScreenshotAtEndOfTest(TestUtil.java:63)
	at com.crm.qa.util.WebEventListener.onException(WebEventListener.java:68)
	at org.openqa.selenium.support.events.EventFiringWebDriver.lambda$new$0(EventFiringWebDriver.java:84)
	at jdk.proxy2/jdk.proxy2.$Proxy10.onException(Unknown Source)
	at org.openqa.selenium.support.events.EventFiringWebDriver.lambda$new$1(EventFiringWebDriver.java:107)
	at jdk.proxy2/jdk.proxy2.$Proxy11.getScreenshotAs(Unknown Source)
	at org.openqa.selenium.support.events.EventFiringWebDriver.getScreenshotAs(EventFiringWebDriver.java:302)
	at com.crm.qa.util.TestUtil.takeScreenshotAtEndOfTest(TestUtil.java:63)
	at com.crm.qa.util.WebEventListener.onException(WebEventListener.java:68)
	at org.openqa.selenium.support.events.EventFiringWebDriver.lambda$new$0(EventFiringWebDriver.java:84)
	at jdk.proxy2/jdk.proxy2.$Proxy10.onException(Unknown Source)
	at org.openqa.selenium.support.events.EventFiringWebDriver.lambda$new$1(EventFiringWebDriver.java:107)
	at jdk.proxy2/jdk.proxy2.$Proxy11.getScreenshotAs(Unknown Source)
	at org.openqa.selenium.support.events.EventFiringWebDriver.getScreenshotAs(EventFiringWebDriver.java:302)
	at com.crm.qa.util.TestUtil.takeScreenshotAtEndOfTest(TestUtil.java:63)
	at com.crm.qa.util.WebEventListener.onException(WebEventListener.java:68)
	at org.openqa.selenium.support.events.EventFiringWebDriver.lambda$new$0(EventFiringWebDriver.java:84)
	at jdk.proxy2/jdk.proxy2.$Proxy10.onException(Unknown Source)
	at org.openqa.selenium.support.events.EventFiringWebDriver.lambda$new$1(EventFiringWebDriver.java:107)
	at jdk.proxy2/jdk.proxy2.$Proxy11.getScreenshotAs(Unknown Source)
	at org.openqa.selenium.support.events.EventFiringWebDriver.getScreenshotAs(EventFiringWebDriver.java:302)
	at com.crm.qa.util.TestUtil.takeScreenshotAtEndOfTest(TestUtil.java:63)
	at com.crm.qa.util.WebEventListener.onException(WebEventListener.java:68)
	at org.openqa.selenium.support.events.EventFiringWebDriver.lambda$new$0(EventFiringWebDriver.java:84)
	at jdk.proxy2/jdk.proxy2.$Proxy10.onException(Unknown Source)
	at org.openqa.selenium.support.events.EventFiringWebDriver.lambda$new$1(EventFiringWebDriver.java:107)
	at jdk.proxy2/jdk.proxy2.$Proxy11.getScreenshotAs(Unknown Source)
	at org.openqa.selenium.support.events.EventFiringWebDriver.getScreenshotAs(EventFiringWebDriver.java:302)
	at com.crm.qa.util.TestUtil.takeScreenshotAtEndOfTest(TestUtil.java:63)
	at com.crm.qa.util.WebEventListener.onException(WebEventListener.java:68)
	at org.openqa.selenium.support.events.EventFiringWebDriver.lambda$new$0(EventFiringWebDriver.java:84)
	at jdk.proxy2/jdk.proxy2.$Proxy10.onException(Unknown Source)
	at org.openqa.selenium.support.events.EventFiringWebDriver.lambda$new$1(EventFiringWebDriver.java:107)
	at jdk.proxy2/jdk.proxy2.$Proxy11.getScreenshotAs(Unknown Source)
	at org.openqa.selenium.support.events.EventFiringWebDriver.getScreenshotAs(EventFiringWebDriver.java:302)
	at com.crm.qa.util.TestUtil.takeScreenshotAtEndOfTest(TestUtil.java:63)
	at com.crm.qa.util.WebEventListener.onException(WebEventListener.java:68)
	at org.openqa.selenium.support.events.EventFiringWebDriver.lambda$new$0(EventFiringWebDriver.java:84)
	at jdk.proxy2/jdk.proxy2.$Proxy10.onException(Unknown Source)
	at org.openqa.selenium.support.events.EventFiringWebDriver.lambda$new$1(EventFiringWebDriver.java:107)
	at jdk.proxy2/jdk.proxy2.$Proxy11.getScreenshotAs(Unknown Source)
	at org.openqa.selenium.support.events.EventFiringWebDriver.getScreenshotAs(EventFiringWebDriver.java:302)
	at com.crm.qa.util.TestUtil.takeScreenshotAtEndOfTest(TestUtil.java:63)
	at com.crm.qa.util.WebEventListener.onException(WebEventListener.java:68)
	at org.openqa.selenium.support.events.EventFiringWebDriver.lambda$new$0(EventFiringWebDriver.java:84)
	at jdk.proxy2/jdk.proxy2.$Proxy10.onException(Unknown Source)
	at org.openqa.selenium.support.events.EventFiringWebDriver.lambda$new$1(EventFiringWebDriver.java:107)
	at jdk.proxy2/jdk.proxy2.$Proxy11.getScreenshotAs(Unknown Source)
	at org.openqa.selenium.support.events.EventFiringWebDriver.getScreenshotAs(EventFiringWebDriver.java:302)
	at com.crm.qa.util.TestUtil.takeScreenshotAtEndOfTest(TestUtil.java:63)
	at com.crm.qa.util.WebEventListener.onException(WebEventListener.java:68)
	at org.openqa.selenium.support.events.EventFiringWebDriver.lambda$new$0(EventFiringWebDriver.java:84)
	at jdk.proxy2/jdk.proxy2.$Proxy10.onException(Unknown Source)
	at org.openqa.selenium.support.events.EventFiringWebDriver.lambda$new$1(EventFiringWebDriver.java:107)
	at jdk.proxy2/jdk.proxy2.$Proxy11.getScreenshotAs(Unknown Source)
	at org.openqa.selenium.support.events.EventFiringWebDriver.getScreenshotAs(EventFiringWebDriver.java:302)
	at com.crm.qa.util.TestUtil.takeScreenshotAtEndOfTest(TestUtil.java:63)
	at com.crm.qa.util.WebEventListener.onException(WebEventListener.java:68)
	at org.openqa.selenium.support.events.EventFiringWebDriver.lambda$new$0(EventFiringWebDriver.java:84)
	at jdk.proxy2/jdk.proxy2.$Proxy10.onException(Unknown Source)
	at org.openqa.selenium.support.events.EventFiringWebDriver.lambda$new$1(EventFiringWebDriver.java:107)
	at jdk.proxy2/jdk.proxy2.$Proxy11.getScreenshotAs(Unknown Source)
	at org.openqa.selenium.support.events.EventFiringWebDriver.getScreenshotAs(EventFiringWebDriver.java:302)
	at com.crm.qa.util.TestUtil.takeScreenshotAtEndOfTest(TestUtil.java:63)
	at com.crm.qa.util.WebEventListener.onException(WebEventListener.java:68)
	at org.openqa.selenium.support.events.EventFiringWebDriver.lambda$new$0(EventFiringWebDriver.java:84)
	at jdk.proxy2/jdk.proxy2.$Proxy10.onException(Unknown Source)
	at org.openqa.selenium.support.events.EventFiringWebDriver.lambda$new$1(EventFiringWebDriver.java:107)
	at jdk.proxy2/jdk.proxy2.$Proxy11.getScreenshotAs(Unknown Source)
	at org.openqa.selenium.support.events.EventFiringWebDriver.getScreenshotAs(EventFiringWebDriver.java:302)
	at com.crm.qa.util.TestUtil.takeScreenshotAtEndOfTest(TestUtil.java:63)
	at com.crm.qa.util.WebEventListener.onException(WebEventListener.java:68)
	at org.openqa.selenium.support.events.EventFiringWebDriver.lambda$new$0(EventFiringWebDriver.java:84)
	at jdk.proxy2/jdk.proxy2.$Proxy10.onException(Unknown Source)
	at org.openqa.selenium.support.events.EventFiringWebDriver.lambda$new$1(EventFiringWebDriver.java:107)
	at jdk.proxy2/jdk.proxy2.$Proxy11.getScreenshotAs(Unknown Source)
	at org.openqa.selenium.support.events.EventFiringWebDriver.getScreenshotAs(EventFiringWebDriver.java:302)
	at com.crm.qa.util.TestUtil.takeScreenshotAtEndOfTest(TestUtil.java:63)
	at com.crm.qa.util.WebEventListener.onException(WebEventListener.java:68)
	at org.openqa.selenium.support.events.EventFiringWebDriver.lambda$new$0(EventFiringWebDriver.java:84)
	at jdk.proxy2/jdk.proxy2.$Proxy10.onException(Unknown Source)
	at org.openqa.selenium.support.events.EventFiringWebDriver.lambda$new$1(EventFiringWebDriver.java:107)
	at jdk.proxy2/jdk.proxy2.$Proxy11.getScreenshotAs(Unknown Source)
	at org.openqa.selenium.support.events.EventFiringWebDriver.getScreenshotAs(EventFiringWebDriver.java:302)
	at com.crm.qa.util.TestUtil.takeScreenshotAtEndOfTest(TestUtil.java:63)
	at com.crm.qa.util.WebEventListener.onException(WebEventListener.java:68)
	at org.openqa.selenium.support.events.EventFiringWebDriver.lambda$new$0(EventFiringWebDriver.java:84)
	at jdk.proxy2/jdk.proxy2.$Proxy10.onException(Unknown Source)
	at org.openqa.selenium.support.events.EventFiringWebDriver.lambda$new$1(EventFiringWebDriver.java:107)
	at jdk.proxy2/jdk.proxy2.$Proxy11.getScreenshotAs(Unknown Source)
	at org.openqa.selenium.support.events.EventFiringWebDriver.getScreenshotAs(EventFiringWebDriver.java:302)
	at com.crm.qa.util.TestUtil.takeScreenshotAtEndOfTest(TestUtil.java:63)
	at com.crm.qa.util.WebEventListener.onException(WebEventListener.java:68)
	at org.openqa.selenium.support.events.EventFiringWebDriver.lambda$new$0(EventFiringWebDriver.java:84)
	at jdk.proxy2/jdk.proxy2.$Proxy10.onException(Unknown Source)
	at org.openqa.selenium.support.events.EventFiringWebDriver.lambda$new$1(EventFiringWebDriver.java:107)
	at jdk.proxy2/jdk.proxy2.$Proxy11.getScreenshotAs(Unknown Source)
	at org.openqa.selenium.support.events.EventFiringWebDriver.getScreenshotAs(EventFiringWebDriver.java:302)
	at com.crm.qa.util.TestUtil.takeScreenshotAtEndOfTest(TestUtil.java:63)
	at com.crm.qa.util.WebEventListener.onException(WebEventListener.java:68)
	at org.openqa.selenium.support.events.EventFiringWebDriver.lambda$new$0(EventFiringWebDriver.java:84)
	at jdk.proxy2/jdk.proxy2.$Proxy10.onException(Unknown Source)
	at org.openqa.selenium.support.events.EventFiringWebDriver.lambda$new$1(EventFiringWebDriver.java:107)
	at jdk.proxy2/jdk.proxy2.$Proxy11.getScreenshotAs(Unknown Source)
	at org.openqa.selenium.support.events.EventFiringWebDriver.getScreenshotAs(EventFiringWebDriver.java:302)
	at com.crm.qa.util.TestUtil.takeScreenshotAtEndOfTest(TestUtil.java:63)
	at com.crm.qa.util.WebEventListener.onException(WebEventListener.java:68)
	at org.openqa.selenium.support.events.EventFiringWebDriver.lambda$new$0(EventFiringWebDriver.java:84)
	at jdk.proxy2/jdk.proxy2.$Proxy10.onException(Unknown Source)
	at org.openqa.selenium.support.events.EventFiringWebDriver.lambda$new$1(EventFiringWebDriver.java:107)
	at jdk.proxy2/jdk.proxy2.$Proxy11.getScreenshotAs(Unknown Source)
	at org.openqa.selenium.support.events.EventFiringWebDriver.getScreenshotAs(EventFiringWebDriver.java:302)
	at com.crm.qa.util.TestUtil.takeScreenshotAtEndOfTest(TestUtil.java:63)
	at com.crm.qa.util.WebEventListener.onException(WebEventListener.java:68)
	at org.openqa.selenium.support.events.EventFiringWebDriver.lambda$new$0(EventFiringWebDriver.java:84)
	at jdk.proxy2/jdk.proxy2.$Proxy10.onException(Unknown Source)
	at org.openqa.selenium.support.events.EventFiringWebDriver.lambda$new$1(EventFiringWebDriver.java:107)
	at jdk.proxy2/jdk.proxy2.$Proxy11.getScreenshotAs(Unknown Source)
	at org.openqa.selenium.support.events.EventFiringWebDriver.getScreenshotAs(EventFiringWebDriver.java:302)
	at com.crm.qa.util.TestUtil.takeScreenshotAtEndOfTest(TestUtil.java:63)
	at com.crm.qa.util.WebEventListener.onException(WebEventListener.java:68)
	at org.openqa.selenium.support.events.EventFiringWebDriver.lambda$new$0(EventFiringWebDriver.java:84)
	at jdk.proxy2/jdk.proxy2.$Proxy10.onException(Unknown Source)
	at org.openqa.selenium.support.events.EventFiringWebDriver.lambda$new$1(EventFiringWebDriver.java:107)
	at jdk.proxy2/jdk.proxy2.$Proxy11.getScreenshotAs(Unknown Source)
	at org.openqa.selenium.support.events.EventFiringWebDriver.getScreenshotAs(EventFiringWebDriver.java:302)
	at com.crm.qa.util.TestUtil.takeScreenshotAtEndOfTest(TestUtil.java:63)
	at com.crm.qa.util.WebEventListener.onException(WebEventListener.java:68)
	at org.openqa.selenium.support.events.EventFiringWebDriver.lambda$new$0(EventFiringWebDriver.java:84)
	at jdk.proxy2/jdk.proxy2.$Proxy10.onException(Unknown Source)
	at org.openqa.selenium.support.events.EventFiringWebDriver.lambda$new$1(EventFiringWebDriver.java:107)
	at jdk.proxy2/jdk.proxy2.$Proxy11.getScreenshotAs(Unknown Source)
	at org.openqa.selenium.support.events.EventFiringWebDriver.getScreenshotAs(EventFiringWebDriver.java:302)
	at com.crm.qa.util.TestUtil.takeScreenshotAtEndOfTest(TestUtil.java:63)
	at com.crm.qa.util.WebEventListener.onException(WebEventListener.java:68)
	at org.openqa.selenium.support.events.EventFiringWebDriver.lambda$new$0(EventFiringWebDriver.java:84)
	at jdk.proxy2/jdk.proxy2.$Proxy10.onException(Unknown Source)
	at org.openqa.selenium.support.events.EventFiringWebDriver.lambda$new$1(EventFiringWebDriver.java:107)
	at jdk.proxy2/jdk.proxy2.$Proxy11.getScreenshotAs(Unknown Source)
	at org.openqa.selenium.support.events.EventFiringWebDriver.getScreenshotAs(EventFiringWebDriver.java:302)
	at com.crm.qa.util.TestUtil.takeScreenshotAtEndOfTest(TestUtil.java:63)
	at com.crm.qa.util.WebEventListener.onException(WebEventListener.java:68)
	at org.openqa.selenium.support.events.EventFiringWebDriver.lambda$new$0(EventFiringWebDriver.java:84)
	at jdk.proxy2/jdk.proxy2.$Proxy10.onException(Unknown Source)
	at org.openqa.selenium.support.events.EventFiringWebDriver.lambda$new$1(EventFiringWebDriver.java:107)
	at jdk.proxy2/jdk.proxy2.$Proxy11.getScreenshotAs(Unknown Source)
	at org.openqa.selenium.support.events.EventFiringWebDriver.getScreenshotAs(EventFiringWebDriver.java:302)
	at com.crm.qa.util.TestUtil.takeScreenshotAtEndOfTest(TestUtil.java:63)
	at com.crm.qa.util.WebEventListener.onException(WebEventListener.java:68)
	at org.openqa.selenium.support.events.EventFiringWebDriver.lambda$new$0(EventFiringWebDriver.java:84)
	at jdk.proxy2/jdk.proxy2.$Proxy10.onException(Unknown Source)
	at org.openqa.selenium.support.events.EventFiringWebDriver.lambda$new$1(EventFiringWebDriver.java:107)
	at jdk.proxy2/jdk.proxy2.$Proxy11.getScreenshotAs(Unknown Source)
	at org.openqa.selenium.support.events.EventFiringWebDriver.getScreenshotAs(EventFiringWebDriver.java:302)
	at com.crm.qa.util.TestUtil.takeScreenshotAtEndOfTest(TestUtil.java:63)
	at com.crm.qa.util.WebEventListener.onException(WebEventListener.java:68)
	at org.openqa.selenium.support.events.EventFiringWebDriver.lambda$new$0(EventFiringWebDriver.java:84)
	at jdk.proxy2/jdk.proxy2.$Proxy10.onException(Unknown Source)
	at org.openqa.selenium.support.events.EventFiringWebDriver.lambda$new$1(EventFiringWebDriver.java:107)
	at jdk.proxy2/jdk.proxy2.$Proxy11.getScreenshotAs(Unknown Source)
	at org.openqa.selenium.support.events.EventFiringWebDriver.getScreenshotAs(EventFiringWebDriver.java:302)
	at com.crm.qa.util.TestUtil.takeScreenshotAtEndOfTest(TestUtil.java:63)
	at com.crm.qa.util.WebEventListener.onException(WebEventListener.java:68)
	at org.openqa.selenium.support.events.EventFiringWebDriver.lambda$new$0(EventFiringWebDriver.java:84)
	at jdk.proxy2/jdk.proxy2.$Proxy10.onException(Unknown Source)
	at org.openqa.selenium.support.events.EventFiringWebDriver.lambda$new$1(EventFiringWebDriver.java:107)
	at jdk.proxy2/jdk.proxy2.$Proxy11.getScreenshotAs(Unknown Source)
	at org.openqa.selenium.support.events.EventFiringWebDriver.getScreenshotAs(EventFiringWebDriver.java:302)
	at com.crm.qa.util.TestUtil.takeScreenshotAtEndOfTest(TestUtil.java:63)
	at com.crm.qa.util.WebEventListener.onException(WebEventListener.java:68)
	at org.openqa.selenium.support.events.EventFiringWebDriver.lambda$new$0(EventFiringWebDriver.java:84)
	at jdk.proxy2/jdk.proxy2.$Proxy10.onException(Unknown Source)
	at org.openqa.selenium.support.events.EventFiringWebDriver.lambda$new$1(EventFiringWebDriver.java:107)
	at jdk.proxy2/jdk.proxy2.$Proxy11.getScreenshotAs(Unknown Source)
	at org.openqa.selenium.support.events.EventFiringWebDriver.getScreenshotAs(EventFiringWebDriver.java:302)
	at com.crm.qa.util.TestUtil.takeScreenshotAtEndOfTest(TestUtil.java:63)
	at com.crm.qa.util.WebEventListener.onException(WebEventListener.java:68)
	at org.openqa.selenium.support.events.EventFiringWebDriver.lambda$new$0(EventFiringWebDriver.java:84)
	at jdk.proxy2/jdk.proxy2.$Proxy10.onException(Unknown Source)
	at org.openqa.selenium.support.events.EventFiringWebDriver.lambda$new$1(EventFiringWebDriver.java:107)
	at jdk.proxy2/jdk.proxy2.$Proxy11.getScreenshotAs(Unknown Source)
	at org.openqa.selenium.support.events.EventFiringWebDriver.getScreenshotAs(EventFiringWebDriver.java:302)
	at com.crm.qa.util.TestUtil.takeScreenshotAtEndOfTest(TestUtil.java:63)
	at com.crm.qa.util.WebEventListener.onException(WebEventListener.java:68)
	at org.openqa.selenium.support.events.EventFiringWebDriver.lambda$new$0(EventFiringWebDriver.java:84)
	at jdk.proxy2/jdk.proxy2.$Proxy10.onException(Unknown Source)
	at org.openqa.selenium.support.events.EventFiringWebDriver.lambda$new$1(EventFiringWebDriver.java:107)
	at jdk.proxy2/jdk.proxy2.$Proxy11.getScreenshotAs(Unknown Source)
	at org.openqa.selenium.support.events.EventFiringWebDriver.getScreenshotAs(EventFiringWebDriver.java:302)
	at com.crm.qa.util.TestUtil.takeScreenshotAtEndOfTest(TestUtil.java:63)
	at com.crm.qa.util.WebEventListener.onException(WebEventListener.java:68)
	at org.openqa.selenium.support.events.EventFiringWebDriver.lambda$new$0(EventFiringWebDriver.java:84)
	at jdk.proxy2/jdk.proxy2.$Proxy10.onException(Unknown Source)
	at org.openqa.selenium.support.events.EventFiringWebDriver.lambda$new$1(EventFiringWebDriver.java:107)
	at jdk.proxy2/jdk.proxy2.$Proxy11.getScreenshotAs(Unknown Source)
	at org.openqa.selenium.support.events.EventFiringWebDriver.getScreenshotAs(EventFiringWebDriver.java:302)
	at com.crm.qa.util.TestUtil.takeScreenshotAtEndOfTest(TestUtil.java:63)
	at com.crm.qa.util.WebEventListener.onException(WebEventListener.java:68)
	at org.openqa.selenium.support.events.EventFiringWebDriver.lambda$new$0(EventFiringWebDriver.java:84)
	at jdk.proxy2/jdk.proxy2.$Proxy10.onException(Unknown Source)
	at org.openqa.selenium.support.events.EventFiringWebDriver.lambda$new$1(EventFiringWebDriver.java:107)
	at jdk.proxy2/jdk.proxy2.$Proxy11.getScreenshotAs(Unknown Source)
	at org.openqa.selenium.support.events.EventFiringWebDriver.getScreenshotAs(EventFiringWebDriver.java:302)
	at com.crm.qa.util.TestUtil.takeScreenshotAtEndOfTest(TestUtil.java:63)
	at com.crm.qa.util.WebEventListener.onException(WebEventListener.java:68)
	at org.openqa.selenium.support.events.EventFiringWebDriver.lambda$new$0(EventFiringWebDriver.java:84)
	at jdk.proxy2/jdk.proxy2.$Proxy10.onException(Unknown Source)
	at org.openqa.selenium.support.events.EventFiringWebDriver.lambda$new$1(EventFiringWebDriver.java:107)
	at jdk.proxy2/jdk.proxy2.$Proxy11.getScreenshotAs(Unknown Source)
	at org.openqa.selenium.support.events.EventFiringWebDriver.getScreenshotAs(EventFiringWebDriver.java:302)
	at com.crm.qa.util.TestUtil.takeScreenshotAtEndOfTest(TestUtil.java:63)
	at com.crm.qa.util.WebEventListener.onException(WebEventListener.java:68)
	at org.openqa.selenium.support.events.EventFiringWebDriver.lambda$new$0(EventFiringWebDriver.java:84)
	at jdk.proxy2/jdk.proxy2.$Proxy10.onException(Unknown Source)
	at org.openqa.selenium.support.events.EventFiringWebDriver.lambda$new$1(EventFiringWebDriver.java:107)
	at jdk.proxy2/jdk.proxy2.$Proxy11.getScreenshotAs(Unknown Source)
	at org.openqa.selenium.support.events.EventFiringWebDriver.getScreenshotAs(EventFiringWebDriver.java:302)
	at com.crm.qa.util.TestUtil.takeScreenshotAtEndOfTest(TestUtil.java:63)
	at com.crm.qa.util.WebEventListener.onException(WebEventListener.java:68)
	at org.openqa.selenium.support.events.EventFiringWebDriver.lambda$new$0(EventFiringWebDriver.java:84)
	at jdk.proxy2/jdk.proxy2.$Proxy10.onException(Unknown Source)
	at org.openqa.selenium.support.events.EventFiringWebDriver.lambda$new$1(EventFiringWebDriver.java:107)
	at jdk.proxy2/jdk.proxy2.$Proxy11.getScreenshotAs(Unknown Source)
	at org.openqa.selenium.support.events.EventFiringWebDriver.getScreenshotAs(EventFiringWebDriver.java:302)
	at com.crm.qa.util.TestUtil.takeScreenshotAtEndOfTest(TestUtil.java:63)
	at com.crm.qa.util.WebEventListener.onException(WebEventListener.java:68)
	at org.openqa.selenium.support.events.EventFiringWebDriver.lambda$new$0(EventFiringWebDriver.java:84)
	at jdk.proxy2/jdk.proxy2.$Proxy10.onException(Unknown Source)
... Removed 306 stack frames]]>
    </failure>
  </testcase> <!-- @BeforeMethod setUp -->
  <testcase classname="com.crm.qa.testcases.HomePageTest" name="@BeforeMethod setUp" time="0.0">
    <skipped/>
  </testcase> <!-- @BeforeMethod setUp -->
  <testcase classname="com.crm.qa.testcases.ContactsPageTest" name="@BeforeMethod setUp" time="0.0">
    <skipped/>
  </testcase> <!-- @BeforeMethod setUp -->
  <testcase classname="com.crm.qa.testcases.LoginPageTest" name="@BeforeMethod setUp" time="0.0">
    <skipped/>
  </testcase> <!-- @BeforeMethod setUp -->
  <testcase classname="com.crm.qa.testcases.HomePageTest" name="@BeforeMethod setUp" time="0.0">
    <skipped/>
  </testcase> <!-- @BeforeMethod setUp -->
  <testcase classname="com.crm.qa.testcases.ContactsPageTest" name="@BeforeMethod setUp" time="0.0">
    <skipped/>
  </testcase> <!-- @BeforeMethod setUp -->
  <testcase classname="com.crm.qa.testcases.LoginPageTest" name="loginPageTitleTest" time="0.016">
    <failure type="java.lang.AssertionError" message="expected [#1 Free CRM for Any Business: Online Customer Relationship Software] but found [Free CRM Software for every business]">
      <![CDATA[java.lang.AssertionError: expected [#1 Free CRM for Any Business: Online Customer Relationship Software] but found [Free CRM Software for every business]
	at com.crm.qa.testcases.LoginPageTest.loginPageTitleTest(LoginPageTest.java:29)
... Removed 31 stack frames]]>
    </failure>
  </testcase> <!-- loginPageTitleTest -->
  <testcase classname="com.crm.qa.testcases.HomePageTest" name="verifyHomePageTitleTest" time="0.0">
    <skipped/>
  </testcase> <!-- verifyHomePageTitleTest -->
  <testcase classname="com.crm.qa.testcases.ContactsPageTest" name="verifyContactsPageLabel" time="0.0">
    <skipped/>
  </testcase> <!-- verifyContactsPageLabel -->
  <testcase classname="com.crm.qa.testcases.LoginPageTest" name="crmLogoImageTest" time="0.0">
    <skipped/>
  </testcase> <!-- crmLogoImageTest -->
  <testcase classname="com.crm.qa.testcases.HomePageTest" name="verifyUserNameTest" time="0.0">
    <skipped/>
  </testcase> <!-- verifyUserNameTest -->
  <testcase classname="com.crm.qa.testcases.ContactsPageTest" name="selectSingleContactsTest" time="0.0">
    <skipped/>
  </testcase> <!-- selectSingleContactsTest -->
  <testcase classname="com.crm.qa.testcases.LoginPageTest" name="loginTest" time="0.0">
    <skipped/>
  </testcase> <!-- loginTest -->
  <testcase classname="com.crm.qa.testcases.HomePageTest" name="verifyContactsLinkTest" time="0.0">
    <skipped/>
  </testcase> <!-- verifyContactsLinkTest -->
  <testcase classname="com.crm.qa.testcases.ContactsPageTest" name="selectMultipleContactsTest" time="0.0">
    <skipped/>
  </testcase> <!-- selectMultipleContactsTest -->
  <testcase classname="com.crm.qa.testcases.ContactsPageTest" name="validateCreateNewContact" time="0.0">
    <skipped/>
  </testcase> <!-- validateCreateNewContact -->
</testsuite> <!-- Free CRM App Test Cases -->
